[2025-01-19 22:53:23,794: INFO: main: stage Data Ingestion stage initiated]
[2025-01-19 22:53:23,794: INFO: common: yaml file: config\config.yaml loaded successfully]
[2025-01-19 22:53:23,794: INFO: common: yaml file: params.yaml loaded successfully]
[2025-01-19 22:53:23,794: INFO: common: created directory at: artifacts]
[2025-01-19 22:53:23,809: INFO: common: created directory at: artifacts/data_ingestion]
[2025-01-19 22:53:29,182: INFO: data_ingestion: File is downloaded]
[2025-01-19 22:53:29,949: INFO: main: Stage Data Ingestion stage Completed]
[2025-01-20 00:05:25,885: INFO: config: PyTorch version 2.5.1 available.]
[2025-01-20 00:05:33,650: INFO: main: stage Data Ingestion stage initiated]
[2025-01-20 00:05:33,654: INFO: common: yaml file: config\config.yaml loaded successfully]
[2025-01-20 00:05:33,660: INFO: common: yaml file: params.yaml loaded successfully]
[2025-01-20 00:05:33,660: INFO: common: created directory at: artifacts]
[2025-01-20 00:05:33,660: INFO: common: created directory at: artifacts/data_ingestion]
[2025-01-20 00:05:33,660: INFO: data_ingestion: File already exits]
[2025-01-20 00:05:33,910: INFO: main: Stage Data Ingestion stage Completed]
[2025-01-20 00:05:33,910: INFO: main: stage Data Transformation stage initiated]
[2025-01-20 00:05:33,910: ERROR: main: 'DataTransformationTrainingPipeline' object has no attribute 'initiate_data_transformation']
Traceback (most recent call last):
  File "C:\Users\Muhammad Nasir\Desktop\MLops\NLPTextSummarization\main.py", line 24, in <module>
    data_ingestion_pipeline.initiate_data_transformation()
AttributeError: 'DataTransformationTrainingPipeline' object has no attribute 'initiate_data_transformation'
[2025-01-20 00:08:02,727: INFO: config: PyTorch version 2.5.1 available.]
[2025-01-20 00:08:05,108: INFO: main: stage Data Ingestion stage initiated]
[2025-01-20 00:08:05,112: INFO: common: yaml file: config\config.yaml loaded successfully]
[2025-01-20 00:08:05,115: INFO: common: yaml file: params.yaml loaded successfully]
[2025-01-20 00:08:05,116: INFO: common: created directory at: artifacts]
[2025-01-20 00:08:05,118: INFO: common: created directory at: artifacts/data_ingestion]
[2025-01-20 00:08:05,120: INFO: data_ingestion: File already exits]
[2025-01-20 00:08:05,387: INFO: main: Stage Data Ingestion stage Completed]
[2025-01-20 00:08:05,389: INFO: main: stage Data Transformation stage initiated]
[2025-01-20 00:08:05,393: INFO: common: yaml file: config\config.yaml loaded successfully]
[2025-01-20 00:08:05,397: INFO: common: yaml file: params.yaml loaded successfully]
[2025-01-20 00:08:05,403: INFO: common: created directory at: artifacts]
[2025-01-20 00:08:05,405: INFO: common: created directory at: artifacts/data_transformation]
[2025-01-20 00:08:30,502: INFO: main: Stage Data Transformation stage Completed]
